0 verbose cli /opt/homebrew/Cellar/node/24.7.0/bin/node /opt/homebrew/bin/npm
1 info using npm@11.5.1
2 info using node@v24.7.0
3 silly config load:file:/opt/homebrew/lib/node_modules/npm/npmrc
4 warn Unknown env config "tmp". This will stop working in the next major version of npm.
5 silly config load:file:/Users/aa123/Documents/elsewhere/.npmrc
6 silly config load:file:/Users/aa123/.npmrc
7 silly config load:file:/opt/homebrew/etc/npmrc
8 verbose title npm run dev --host 127.0.0.1 --port 5173
9 verbose argv "run" "dev" "--" "--host" "127.0.0.1" "--port" "5173"
10 verbose logfile logs-max:10 dir:/Users/aa123/Documents/elsewhere/.npm-cache/_logs/2026-01-16T08_56_19_607Z-
11 verbose logfile /Users/aa123/Documents/elsewhere/.npm-cache/_logs/2026-01-16T08_56_19_607Z-debug-0.log
12 silly logfile start cleaning logs, removing 1 files
13 silly logfile done cleaning log files
14 verbose cwd /Users/aa123/Documents/elsewhere
15 verbose os Darwin 25.2.0
16 verbose node v24.7.0
17 verbose npm  v11.5.1
18 verbose exit 1
19 verbose code 1
